# JRE version: Java(TM) SE Runtime Environment (8.0_92-b14) (build 1.8.0_92-b14)
# Java VM: Java HotSpot(TM) Client VM (25.92-b14 mixed mode windows-x86 )
Heap:
 def new generation   total 39424K, used 7457K [0x04600000, 0x070c0000, 0x0f0a0000)
  eden space 35072K,  18% used [0x04600000, 0x04c46fe8, 0x06840000)
  from space 4352K,  23% used [0x06840000, 0x069416c0, 0x06c80000)
  to   space 4352K,   0% used [0x06c80000, 0x06c80000, 0x070c0000)
 tenured generation   total 87424K, used 64638K [0x0f0a0000, 0x14600000, 0x24600000)
   the space 87424K,  73% used [0x0f0a0000, 0x12fbf960, 0x12fbfa00, 0x14600000)
 Metaspace       used 18943K, capacity 19387K, committed 19456K, reserved 19840K
GC Heap History (10 events):
Event: 73652.505 GC heap before
{Heap before GC invocations=40 (full 1):
 def new generation   total 39424K, used 37726K [0x04600000, 0x070c0000, 0x0f0a0000)
  eden space 35072K, 100% used [0x04600000, 0x06840000, 0x06840000)
  from space 4352K,  61% used [0x06c80000, 0x06f17bc8, 0x070c0000)
  to   space 4352K,   0% used [0x06840000, 0x06840000, 0x06c80000)
 tenured generation   total 87424K, used 57631K [0x0f0a0000, 0x14600000, 0x24600000)
   the space 87424K,  65% used [0x0f0a0000, 0x128e7f30, 0x128e8000, 0x14600000)
 Metaspace       used 18943K, capacity 19387K, committed 19456K, reserved 19840K
Event: 73652.514 GC heap after
Heap after GC invocations=41 (full 1):
 def new generation   total 39424K, used 4352K [0x04600000, 0x070c0000, 0x0f0a0000)
  eden space 35072K,   0% used [0x04600000, 0x04600000, 0x06840000)
  from space 4352K, 100% used [0x06840000, 0x06c80000, 0x06c80000)
  to   space 4352K,   0% used [0x06c80000, 0x06c80000, 0x070c0000)
 tenured generation   total 87424K, used 60289K [0x0f0a0000, 0x14600000, 0x24600000)
   the space 87424K,  68% used [0x0f0a0000, 0x12b80788, 0x12b80800, 0x14600000)
 Metaspace       used 18943K, capacity 19387K, committed 19456K, reserved 19840K
}
Event: 74076.622 GC heap before
{Heap before GC invocations=41 (full 1):
 def new generation   total 39424K, used 39424K [0x04600000, 0x070c0000, 0x0f0a0000)
  eden space 35072K, 100% used [0x04600000, 0x06840000, 0x06840000)
  from space 4352K, 100% used [0x06840000, 0x06c80000, 0x06c80000)
  to   space 4352K,   0% used [0x06c80000, 0x06c80000, 0x070c0000)
 tenured generation   total 87424K, used 60289K [0x0f0a0000, 0x14600000, 0x24600000)
   the space 87424K,  68% used [0x0f0a0000, 0x12b80788, 0x12b80800, 0x14600000)
 Metaspace       used 18943K, capacity 19387K, committed 19456K, reserved 19840K
Event: 74076.626 GC heap after
Heap after GC invocations=42 (full 1):
 def new generation   total 39424K, used 1K [0x04600000, 0x070c0000, 0x0f0a0000)
  eden space 35072K,   0% used [0x04600000, 0x04600000, 0x06840000)
  from space 4352K,   0% used [0x06c80000, 0x06c80670, 0x070c0000)
  to   space 4352K,   0% used [0x06840000, 0x06840000, 0x06c80000)
 tenured generation   total 87424K, used 64638K [0x0f0a0000, 0x14600000, 0x24600000)
   the space 87424K,  73% used [0x0f0a0000, 0x12fbf960, 0x12fbfa00, 0x14600000)
 Metaspace       used 18943K, capacity 19387K, committed 19456K, reserved 19840K
}
Event: 74358.538 GC heap before
{Heap before GC invocations=42 (full 1):
 def new generation   total 39424K, used 35073K [0x04600000, 0x070c0000, 0x0f0a0000)
  eden space 35072K, 100% used [0x04600000, 0x06840000, 0x06840000)
  from space 4352K,   0% used [0x06c80000, 0x06c80670, 0x070c0000)
  to   space 4352K,   0% used [0x06840000, 0x06840000, 0x06c80000)
 tenured generation   total 87424K, used 64638K [0x0f0a0000, 0x14600000, 0x24600000)
   the space 87424K,  73% used [0x0f0a0000, 0x12fbf960, 0x12fbfa00, 0x14600000)
 Metaspace       used 18943K, capacity 19387K, committed 19456K, reserved 19840K
Event: 74358.543 GC heap after
Heap after GC invocations=43 (full 1):
 def new generation   total 39424K, used 578K [0x04600000, 0x070c0000, 0x0f0a0000)
  eden space 35072K,   0% used [0x04600000, 0x04600000, 0x06840000)
  from space 4352K,  13% used [0x06840000, 0x068d09e8, 0x06c80000)
  to   space 4352K,   0% used [0x06c80000, 0x06c80000, 0x070c0000)
 tenured generation   total 87424K, used 64638K [0x0f0a0000, 0x14600000, 0x24600000)
   the space 87424K,  73% used [0x0f0a0000, 0x12fbf960, 0x12fbfa00, 0x14600000)
 Metaspace       used 18943K, capacity 19387K, committed 19456K, reserved 19840K
}
Event: 74561.865 GC heap before
{Heap before GC invocations=43 (full 1):
 def new generation   total 39424K, used 35650K [0x04600000, 0x070c0000, 0x0f0a0000)
  eden space 35072K, 100% used [0x04600000, 0x06840000, 0x06840000)
  from space 4352K,  13% used [0x06840000, 0x068d09e8, 0x06c80000)
  to   space 4352K,   0% used [0x06c80000, 0x06c80000, 0x070c0000)
 tenured generation   total 87424K, used 64638K [0x0f0a0000, 0x14600000, 0x24600000)
   the space 87424K,  73% used [0x0f0a0000, 0x12fbf960, 0x12fbfa00, 0x14600000)
 Metaspace       used 18943K, capacity 19387K, committed 19456K, reserved 19840K
Event: 74561.867 GC heap after
Heap after GC invocations=44 (full 1):
 def new generation   total 39424K, used 539K [0x04600000, 0x070c0000, 0x0f0a0000)
  eden space 35072K,   0% used [0x04600000, 0x04600000, 0x06840000)
  from space 4352K,  12% used [0x06c80000, 0x06d06cd8, 0x070c0000)
  to   space 4352K,   0% used [0x06840000, 0x06840000, 0x06c80000)
 tenured generation   total 87424K, used 64638K [0x0f0a0000, 0x14600000, 0x24600000)
   the space 87424K,  73% used [0x0f0a0000, 0x12fbf960, 0x12fbfa00, 0x14600000)
 Metaspace       used 18943K, capacity 19387K, committed 19456K, reserved 19840K
}
Event: 74718.345 GC heap before
{Heap before GC invocations=44 (full 1):
 def new generation   total 39424K, used 35611K [0x04600000, 0x070c0000, 0x0f0a0000)
  eden space 35072K, 100% used [0x04600000, 0x06840000, 0x06840000)
  from space 4352K,  12% used [0x06c80000, 0x06d06cd8, 0x070c0000)
  to   space 4352K,   0% used [0x06840000, 0x06840000, 0x06c80000)
 tenured generation   total 87424K, used 64638K [0x0f0a0000, 0x14600000, 0x24600000)
   the space 87424K,  73% used [0x0f0a0000, 0x12fbf960, 0x12fbfa00, 0x14600000)
 Metaspace       used 18943K, capacity 19387K, committed 19456K, reserved 19840K
Event: 74718.347 GC heap after
Heap after GC invocations=45 (full 1):
 def new generation   total 39424K, used 1029K [0x04600000, 0x070c0000, 0x0f0a0000)
  eden space 35072K,   0% used [0x04600000, 0x04600000, 0x06840000)
  from space 4352K,  23% used [0x06840000, 0x069416c0, 0x06c80000)
  to   space 4352K,   0% used [0x06c80000, 0x06c80000, 0x070c0000)
 tenured generation   total 87424K, used 64638K [0x0f0a0000, 0x14600000, 0x24600000)
   the space 87424K,  73% used [0x0f0a0000, 0x12fbf960, 0x12fbfa00, 0x14600000)
 Metaspace       used 18943K, capacity 19387K, committed 19456K, reserved 19840K
}

